<?xml version="1.0" encoding="UTF-8"?>
<!-- Generated by org.testng.reporters.JUnitReportReporter -->
<testsuite hostname="DESKTOP-DRQFTQA" failures="0" tests="1" name="com.atypon.testcase.JavaScriptAlertsTestCase" time="5.194" errors="0" timestamp="2022-01-27T01:30:36 EET" skipped="0">
  <testcase classname="com.atypon.testcase.JavaScriptAlertsTestCase" name="TestCaseJsPrompt" time="5.194"/>
  <system-out/>
</testsuite> <!-- com.atypon.testcase.JavaScriptAlertsTestCase -->
