<?xml version="1.0" encoding="UTF-8"?>
<!-- Generated by org.testng.reporters.JUnitReportReporter -->
<testsuite hostname="DESKTOP-DRQFTQA" failures="0" tests="1" name="com.atypon.testcase.RedirectLinkTestCase" time="3.625" errors="0" timestamp="2022-01-26T03:59:25 EET" skipped="0">
  <testcase classname="com.atypon.testcase.RedirectLinkTestCase" name="RedirectLink" time="3.625"/>
  <system-out/>
</testsuite> <!-- com.atypon.testcase.RedirectLinkTestCase -->
