<?xml version="1.0" encoding="UTF-8"?>
<!-- Generated by org.testng.reporters.JUnitReportReporter -->
<testsuite hostname="DESKTOP-DRQFTQA" failures="0" tests="1" name="com.atypon.testcase.DownLoadFile" time="9.369" errors="0" timestamp="2022-01-26T01:45:52 EET" skipped="0">
  <testcase classname="com.atypon.testcase.DownLoadFile" name="DownloadImage" time="9.369"/>
  <system-out/>
</testsuite> <!-- com.atypon.testcase.DownLoadFile -->
