<?xml version="1.0" encoding="UTF-8"?>
<!-- Generated by org.testng.reporters.JUnitReportReporter -->
<testsuite hostname="DESKTOP-DRQFTQA" failures="0" tests="1" name="com.atypon.testcase.ForgetPasswordTestCase" time="7.628" errors="0" timestamp="2022-01-29T10:41:57 EET" skipped="0">
  <testcase classname="com.atypon.testcase.ForgetPasswordTestCase" name="ForgetPassword" time="7.628"/>
  <system-out/>
</testsuite> <!-- com.atypon.testcase.ForgetPasswordTestCase -->
