<?xml version="1.0" encoding="UTF-8"?>
<!-- Generated by org.testng.reporters.JUnitReportReporter -->
<testsuite hostname="DESKTOP-DRQFTQA" failures="0" tests="1" name="com.atypon.testcase.MultipleWindowsTestCase" time="1.136" errors="0" timestamp="2022-01-29T10:38:34 EET" skipped="0">
  <testcase classname="com.atypon.testcase.MultipleWindowsTestCase" name="TestCaseMultipleWindow" time="1.136"/>
  <system-out/>
</testsuite> <!-- com.atypon.testcase.MultipleWindowsTestCase -->
