<?xml version="1.0" encoding="UTF-8"?>
<!-- Generated by org.testng.reporters.JUnitReportReporter -->
<testsuite hostname="DESKTOP-DRQFTQA" failures="0" tests="1" name="com.atypon.testcase.DisappearingElementsTestCase" time="3.856" errors="0" timestamp="2022-01-29T10:46:08 EET" skipped="0">
  <testcase classname="com.atypon.testcase.DisappearingElementsTestCase" name="CheckDisappearingElementsPage" time="3.856"/>
  <system-out/>
</testsuite> <!-- com.atypon.testcase.DisappearingElementsTestCase -->
