<?xml version="1.0" encoding="UTF-8"?>
<!-- Generated by org.testng.reporters.JUnitReportReporter -->
<testsuite hostname="DESKTOP-DRQFTQA" failures="0" tests="1" name="com.atypon.testcase.ContextMenuTestCase" time="4.174" errors="0" timestamp="2022-01-29T10:46:30 EET" skipped="0">
  <testcase classname="com.atypon.testcase.ContextMenuTestCase" name="ContextMenuPage" time="4.174"/>
  <system-out/>
</testsuite> <!-- com.atypon.testcase.ContextMenuTestCase -->
