<?xml version="1.0" encoding="UTF-8"?>
<!-- Generated by org.testng.reporters.JUnitReportReporter -->
<testsuite hostname="DESKTOP-DRQFTQA" failures="0" tests="1" name="com.atypon.testcase.HorizantalSliderTestCase" time="5.678" errors="0" timestamp="2022-01-29T10:40:58 EET" skipped="0">
  <testcase classname="com.atypon.testcase.HorizantalSliderTestCase" name="HorizantalSliderDragDrop" time="5.678"/>
  <system-out/>
</testsuite> <!-- com.atypon.testcase.HorizantalSliderTestCase -->
