<?xml version="1.0" encoding="UTF-8"?>
<!-- Generated by org.testng.reporters.JUnitReportReporter -->
<testsuite hostname="DESKTOP-DRQFTQA" failures="0" tests="1" name="com.atypon.testcase.JQueryUIMenuPageTestCase" time="10.287" errors="0" timestamp="2022-01-29T10:39:27 EET" skipped="0">
  <testcase classname="com.atypon.testcase.JQueryUIMenuPageTestCase" name="JQueryUIMenuPageTest" time="10.287"/>
  <system-out/>
</testsuite> <!-- com.atypon.testcase.JQueryUIMenuPageTestCase -->
