<?xml version="1.0" encoding="UTF-8"?>
<!-- Generated by org.testng.reporters.JUnitReportReporter -->
<testsuite hostname="DESKTOP-DRQFTQA" failures="0" tests="1" name="com.atypon.testcase.HoverTestCase" time="10.121" errors="0" timestamp="2022-01-27T00:34:06 EET" skipped="0">
  <testcase classname="com.atypon.testcase.HoverTestCase" name="hoverAction" time="10.121"/>
  <system-out/>
</testsuite> <!-- com.atypon.testcase.HoverTestCase -->
