<?xml version="1.0" encoding="UTF-8"?>
<!-- Generated by org.testng.reporters.JUnitReportReporter -->
<testsuite hostname="DESKTOP-DRQFTQA" failures="0" tests="1" name="com.atypon.testcase.BasicAuthTestCase" time="2.371" errors="0" timestamp="2022-01-29T10:47:17 EET" skipped="0">
  <testcase classname="com.atypon.testcase.BasicAuthTestCase" name="check" time="2.371"/>
  <system-out/>
</testsuite> <!-- com.atypon.testcase.BasicAuthTestCase -->
