<?xml version="1.0" encoding="UTF-8"?>
<!-- Generated by org.testng.reporters.JUnitReportReporter -->
<testsuite hostname="DESKTOP-DRQFTQA" failures="0" tests="4" name="Tset2" time="0.020" errors="0" timestamp="2021-12-19T15:37:11 EET" skipped="0">
  <testcase classname="Tset2" name="Test4" time="0.004"/>
  <system-out/>
  <testcase classname="Tset2" name="Test2" time="0.006"/>
  <system-out/>
  <testcase classname="Tset2" name="Test1" time="0.005"/>
  <system-out/>
  <testcase classname="Tset2" name="Test3" time="0.005"/>
  <system-out/>
</testsuite> <!-- Tset2 -->
