<?xml version="1.0" encoding="UTF-8"?>
<!-- Generated by org.testng.reporters.JUnitReportReporter -->
<testsuite hostname="DESKTOP-DRQFTQA" failures="0" tests="1" name="com.atypon.testcase.EntryAdTestCase" time="10.801" errors="0" timestamp="2022-01-29T11:34:55 EET" skipped="0">
  <testcase classname="com.atypon.testcase.EntryAdTestCase" name="EntryAdTest" time="10.801"/>
  <system-out/>
</testsuite> <!-- com.atypon.testcase.EntryAdTestCase -->
