<?xml version="1.0" encoding="UTF-8"?>
<!-- Generated by org.testng.reporters.JUnitReportReporter -->
<testsuite hostname="DESKTOP-DRQFTQA" failures="0" tests="1" name="com.atypon.testcase.DynamicallyLoadedPageElementsTestCase" time="14.563" errors="0" timestamp="2022-01-29T10:43:09 EET" skipped="0">
  <testcase classname="com.atypon.testcase.DynamicallyLoadedPageElementsTestCase" name="DynamicallyLoaded" time="14.563"/>
  <system-out/>
</testsuite> <!-- com.atypon.testcase.DynamicallyLoadedPageElementsTestCase -->
