<?xml version="1.0" encoding="UTF-8"?>
<!-- Generated by org.testng.reporters.JUnitReportReporter -->
<testsuite hostname="DESKTOP-DRQFTQA" failures="0" tests="3" name="com.atypon.testcase.KeyPressTestCase" time="1.608" errors="0" timestamp="2022-01-29T10:38:58 EET" skipped="0">
  <testcase classname="com.atypon.testcase.KeyPressTestCase" name="TabPress" time="1.029"/>
  <system-out/>
  <testcase classname="com.atypon.testcase.KeyPressTestCase" name="EnterPress" time="0.444"/>
  <system-out/>
  <testcase classname="com.atypon.testcase.KeyPressTestCase" name="escapePress" time="0.135"/>
  <system-out/>
</testsuite> <!-- com.atypon.testcase.KeyPressTestCase -->
