<?xml version="1.0" encoding="UTF-8"?>
<!-- Generated by org.testng.reporters.JUnitReportReporter -->
<testsuite hostname="DESKTOP-DRQFTQA" failures="0" tests="1" name="com.atypon.testcase.TyposTestCase" time="6.757" errors="0" timestamp="2022-01-29T10:33:26 EET" skipped="0">
  <testcase classname="com.atypon.testcase.TyposTestCase" name="check" time="6.757"/>
  <system-out/>
</testsuite> <!-- com.atypon.testcase.TyposTestCase -->
