<?xml version="1.0" encoding="UTF-8"?>
<!-- Generated by org.testng.reporters.JUnitReportReporter -->
<testsuite hostname="DESKTOP-DRQFTQA" failures="0" tests="1" name="com.atypon.testcase.FileUploadTestCase" time="2.113" errors="0" timestamp="2022-01-29T10:42:32 EET" skipped="0">
  <testcase classname="com.atypon.testcase.FileUploadTestCase" name="TestFileUpload" time="2.113"/>
  <system-out/>
</testsuite> <!-- com.atypon.testcase.FileUploadTestCase -->
