<?xml version="1.0" encoding="UTF-8"?>
<!-- Generated by org.testng.reporters.JUnitReportReporter -->
<testsuite hostname="DESKTOP-DRQFTQA" failures="0" tests="1" name="com.atypon.testcase.DropdownTestCase" time="6.872" errors="0" timestamp="2022-01-29T10:45:35 EET" skipped="0">
  <testcase classname="com.atypon.testcase.DropdownTestCase" name="Selected" time="6.872"/>
  <system-out/>
</testsuite> <!-- com.atypon.testcase.DropdownTestCase -->
