<?xml version="1.0" encoding="UTF-8"?>
<!-- Generated by org.testng.reporters.JUnitReportReporter -->
<testsuite hostname="DESKTOP-DRQFTQA" failures="0" tests="1" name="com.atypon.testcase.AddRemoveTestCase" time="4.951" errors="0" timestamp="2022-01-29T10:47:51 EET" skipped="0">
  <testcase classname="com.atypon.testcase.AddRemoveTestCase" name="AddRemoveButton" time="4.951"/>
  <system-out/>
</testsuite> <!-- com.atypon.testcase.AddRemoveTestCase -->
