<?xml version="1.0" encoding="UTF-8"?>
<!-- Generated by org.testng.reporters.JUnitReportReporter -->
<testsuite hostname="DESKTOP-DRQFTQA" failures="0" tests="1" name="com.atypon.testcase.FormAuthenticationTestCase" time="9.161" errors="0" timestamp="2022-01-29T10:41:29 EET" skipped="0">
  <testcase classname="com.atypon.testcase.FormAuthenticationTestCase" name="loginTestCase" time="9.161"/>
  <system-out/>
</testsuite> <!-- com.atypon.testcase.FormAuthenticationTestCase -->
